<?xml version="1.0" encoding="UTF-8"?>
<!-- Generated by org.testng.reporters.JUnitXMLReporter -->
<testsuite ignored="3" hostname="Minhs-Air.lan" failures="0" tests="12" name="test-1" time="73.683" errors="0" timestamp="2023-08-27T15:37:42 CDT">
  <testcase classname="com.spreecom.test.Spreecom_Login_Test" name="logoTest" time="0.307"/>
  <testcase classname="com.spreecom.test.Spreecom_Login_Test" name="validateLogoAfterValidLogin1" time="4.037"/>
  <testcase classname="com.spreecom.test.Spreecom_Login_Test" name="validateUncessfullLoginMessage" time="2.138"/>
  <testcase classname="com.spreecom.test.Spreecom_WomenPage_Test" name="validateWomenPage" time="5.501"/>
  <testcase classname="com.spreecom.test.Spreecom_WomenPage_Test" name="validateTitle" time="0.009"/>
  <testcase classname="com.spreecom.test.Spreecom_WomenPage_Test" name="validateText" time="0.699"/>
  <testcase classname="com.spreecom.test.Spreecom_MenPage_Test" name="validateWomenPage" time="5.599"/>
  <testcase classname="com.spreecom.test.Spreecom_MenPage_Test" name="validateTitle" time="0.009"/>
  <testcase classname="com.spreecom.test.Spreecom_MenPage_Test" name="validateText" time="0.675"/>
  <testcase classname="com.spreecom.test.Spreecom_SportswearPage_Test" name="validateSportswearPage" time="5.682"/>
  <testcase classname="com.spreecom.test.Spreecom_SportswearPage_Test" name="validateTitle" time="0.008"/>
  <testcase classname="com.spreecom.test.Spreecom_SportswearPage_Test" name="validateText" time="0.571"/>
  <testcase classname="com.spreecom.common.Spreecom_BaseSetup" name="@BeforeTest SetUp" time="0.0">
    <ignored/>
  </testcase> <!-- @BeforeTest SetUp -->
  <testcase classname="com.spreecom.common.Spreecom_BaseSetup" name="@BeforeTest SetUp" time="0.0">
    <ignored/>
  </testcase> <!-- @BeforeTest SetUp -->
  <testcase classname="com.spreecom.common.Spreecom_BaseSetup" name="@BeforeTest SetUp" time="0.0">
    <ignored/>
  </testcase> <!-- @BeforeTest SetUp -->
</testsuite> <!-- test-1 -->
