<?xml version="1.0" encoding="UTF-8"?>
<!-- Generated by org.testng.reporters.JUnitXMLReporter -->
<testsuite ignored="0" hostname="Minhs-Air.lan" failures="0" tests="1" name="test-2" time="12.434" errors="0" timestamp="2023-08-27T13:00:32 CDT">
  <testcase classname="com.spreecom.test.Spreecom_WomenPage_Test" name="validateWomenPage" time="6.835"/>
</testsuite> <!-- test-2 -->
