<?xml version="1.0" encoding="UTF-8"?>
<!-- Generated by org.testng.reporters.JUnitXMLReporter -->
<testsuite ignored="2" hostname="AZVDCNKCR0269-0" failures="0" tests="9" name="test-1" time="34.85" errors="0" timestamp="2023-08-28T19:53:26 UTC">
  <testcase classname="com.spreecom.test.Spreecom_WomenPage_Test" name="validateWomenPage" time="2.122"/>
  <testcase classname="com.spreecom.test.Spreecom_WomenPage_Test" name="validateTitle" time="0.008"/>
  <testcase classname="com.spreecom.test.Spreecom_WomenPage_Test" name="validateText" time="0.208"/>
  <testcase classname="com.spreecom.test.Spreecom_MenPage_Test" name="validateWomenPage" time="2.098"/>
  <testcase classname="com.spreecom.test.Spreecom_MenPage_Test" name="validateTitle" time="0.009"/>
  <testcase classname="com.spreecom.test.Spreecom_MenPage_Test" name="validateText" time="0.133"/>
  <testcase classname="com.spreecom.test.Spreecom_SportswearPage_Test" name="validateSportswearPage" time="2.103"/>
  <testcase classname="com.spreecom.test.Spreecom_SportswearPage_Test" name="validateTitle" time="0.008"/>
  <testcase classname="com.spreecom.test.Spreecom_SportswearPage_Test" name="validateText" time="0.117"/>
  <testcase classname="com.spreecom.common.Spreecom_BaseSetup" name="@BeforeTest SetUp" time="0.0">
    <ignored/>
  </testcase> <!-- @BeforeTest SetUp -->
  <testcase classname="com.spreecom.common.Spreecom_BaseSetup" name="@BeforeTest SetUp" time="0.0">
    <ignored/>
  </testcase> <!-- @BeforeTest SetUp -->
</testsuite> <!-- test-1 -->
