<?xml version="1.0" encoding="UTF-8"?>
<!-- Generated by org.testng.reporters.JUnitReportReporter -->
<testsuite hostname="AZVDCNKCR0269-0" failures="0" tests="3" name="com.spreecom.test.Spreecom_Login_Test" time="5.121" errors="0" timestamp="2023-08-28T13:07:12 UTC" skipped="0">
  <testcase classname="com.spreecom.test.Spreecom_Login_Test" name="logoTest" time="0.049"/>
  <testcase classname="com.spreecom.test.Spreecom_Login_Test" name="validateLogoAfterValidLogin1" time="3.607"/>
  <testcase classname="com.spreecom.test.Spreecom_Login_Test" name="validateUncessfullLoginMessage" time="1.465"/>
</testsuite> <!-- com.spreecom.test.Spreecom_Login_Test -->
