<?xml version="1.0" encoding="UTF-8"?>
<!-- Generated by org.testng.reporters.JUnitReportReporter -->
<testsuite hostname="Minhs-Air.lan" failures="0" tests="3" name="com.spreecom.test.Spreecom_Login_Test" time="6.489" errors="0" timestamp="2023-08-27T15:37:42 CDT" skipped="0">
  <testcase classname="com.spreecom.test.Spreecom_Login_Test" name="logoTest" time="0.307"/>
  <testcase classname="com.spreecom.test.Spreecom_Login_Test" name="validateLogoAfterValidLogin1" time="4.038"/>
  <testcase classname="com.spreecom.test.Spreecom_Login_Test" name="validateUncessfullLoginMessage" time="2.144"/>
</testsuite> <!-- com.spreecom.test.Spreecom_Login_Test -->
