<?xml version="1.0" encoding="UTF-8"?>
<!-- Generated by org.testng.reporters.JUnitReportReporter -->
<testsuite hostname="AZVDCNKCR0269-0" failures="0" tests="3" name="com.spreecom.test.Spreecom_MenPage_Test" time="2.242" errors="0" timestamp="2023-08-28T19:53:26 UTC" skipped="0">
  <testcase classname="com.spreecom.test.Spreecom_MenPage_Test" name="validateWomenPage" time="2.099"/>
  <testcase classname="com.spreecom.test.Spreecom_MenPage_Test" name="validateTitle" time="0.010"/>
  <testcase classname="com.spreecom.test.Spreecom_MenPage_Test" name="validateText" time="0.133"/>
</testsuite> <!-- com.spreecom.test.Spreecom_MenPage_Test -->
