<?xml version="1.0" encoding="UTF-8"?>
<!-- Generated by org.testng.reporters.JUnitReportReporter -->
<testsuite hostname="Minhs-MacBook-Air.local" failures="0" tests="4" name="com.spreecom.test.Spreecom_Login" time="18.538" errors="0" timestamp="2023-08-27T12:14:04 CDT" skipped="0">
  <testcase classname="com.spreecom.test.Spreecom_Login" name="logoTest" time="0.034"/>
  <testcase classname="com.spreecom.test.Spreecom_Login" name="validateLogoAfterValidLogin1" time="7.038"/>
  <testcase classname="com.spreecom.test.Spreecom_Login" name="validateUncessfullLoginMessage" time="4.460"/>
  <testcase classname="com.spreecom.test.Spreecom_Login" name="validateLogoAfterValidLogin" time="7.006"/>
</testsuite> <!-- com.spreecom.test.Spreecom_Login -->
