<?xml version="1.0" encoding="UTF-8"?>
<!-- Generated by org.testng.reporters.JUnitReportReporter -->
<testsuite hostname="Minhs-Air.lan" failures="0" tests="3" name="com.spreecom.test.Spreecom_WomenPage_Test" time="6.209" errors="0" timestamp="2023-08-27T15:37:42 CDT" skipped="0">
  <testcase classname="com.spreecom.test.Spreecom_WomenPage_Test" name="validateWomenPage" time="5.501"/>
  <testcase classname="com.spreecom.test.Spreecom_WomenPage_Test" name="validateTitle" time="0.009"/>
  <testcase classname="com.spreecom.test.Spreecom_WomenPage_Test" name="validateText" time="0.699"/>
</testsuite> <!-- com.spreecom.test.Spreecom_WomenPage_Test -->
