<?xml version="1.0" encoding="UTF-8"?>
<!-- Generated by org.testng.reporters.JUnitReportReporter -->
<testsuite hostname="Minhs-Air.lan" failures="0" tests="3" name="com.spreecom.test.Spreecom_SportswearPage_Test" time="6.262" errors="0" timestamp="2023-08-27T15:37:42 CDT" skipped="0">
  <testcase classname="com.spreecom.test.Spreecom_SportswearPage_Test" name="validateSportswearPage" time="5.682"/>
  <testcase classname="com.spreecom.test.Spreecom_SportswearPage_Test" name="validateTitle" time="0.008"/>
  <testcase classname="com.spreecom.test.Spreecom_SportswearPage_Test" name="validateText" time="0.572"/>
</testsuite> <!-- com.spreecom.test.Spreecom_SportswearPage_Test -->
