<?xml version="1.0" encoding="UTF-8"?>
<!-- Generated by org.testng.reporters.JUnitReportReporter -->
<testsuite hostname="Minhs-Air.lan" failures="0" tests="3" name="com.spreecom.test.Spreecom_MenPage_Test" time="6.284" errors="0" timestamp="2023-08-27T15:37:42 CDT" skipped="0">
  <testcase classname="com.spreecom.test.Spreecom_MenPage_Test" name="validateWomenPage" time="5.599"/>
  <testcase classname="com.spreecom.test.Spreecom_MenPage_Test" name="validateTitle" time="0.010"/>
  <testcase classname="com.spreecom.test.Spreecom_MenPage_Test" name="validateText" time="0.675"/>
</testsuite> <!-- com.spreecom.test.Spreecom_MenPage_Test -->
