<?xml version="1.0" encoding="UTF-8"?>
<!-- Generated by org.testng.reporters.JUnitReportReporter -->
<testsuite hostname="AZVDCNKCR0269-0" failures="0" tests="3" name="com.spreecom.test.Spreecom_SportswearPage_Test" time="2.230" errors="0" timestamp="2023-08-28T19:53:26 UTC" skipped="0">
  <testcase classname="com.spreecom.test.Spreecom_SportswearPage_Test" name="validateSportswearPage" time="2.104"/>
  <testcase classname="com.spreecom.test.Spreecom_SportswearPage_Test" name="validateTitle" time="0.009"/>
  <testcase classname="com.spreecom.test.Spreecom_SportswearPage_Test" name="validateText" time="0.117"/>
</testsuite> <!-- com.spreecom.test.Spreecom_SportswearPage_Test -->
